gaeun/LightSensor/LightSensor_test/app/build/intermediates/manifest_merge_blame_file/debug/manifest-merger-blame-debug-report.txt
1<?xml version="1.0" encoding="utf-8"?>
2<manifest xmlns:android="http://schemas.android.com/apk/res/android"
3    package="com.example.lightsensor_test"
4    android:versionCode="1"
5    android:versionName="1.0" >
6
7    <uses-sdk
8        android:minSdkVersion="21"
8-->src\main\AndroidManifest.xml
9        android:targetSdkVersion="31" />
9-->src\main\AndroidManifest.xml
10
11    <!-- 조도센서 없는건 못사용하게 구분함. -->
12    <uses-feature
12-->src\main\AndroidManifest.xml:6:5-90
13        android:name="android.hardware.sensor.light"
13-->src\main\AndroidManifest.xml:6:19-63
14        android:required="false" />
14-->src\main\AndroidManifest.xml:6:64-88
15
16    <!-- 플래시 켜기 위한 카메라 권한 추가 -->
17    <uses-permission android:name="android.permission.CAMERA" />
17-->src\main\AndroidManifest.xml:9:5-65
17-->src\main\AndroidManifest.xml:9:22-62
18
19    <uses-feature android:name="android.hardware.camera" />
19-->src\main\AndroidManifest.xml:10:5-60
19-->src\main\AndroidManifest.xml:10:19-57
20
21    <application
21-->src\main\AndroidManifest.xml:12:5-29:19
22        android:allowBackup="true"
22-->src\main\AndroidManifest.xml:13:9-35
23        android:appComponentFactory="androidx.core.app.CoreComponentFactory"
23-->[androidx.core:core:1.5.0] AndroidManifest.xml:24:18-86
24        android:debuggable="true"
25        android:icon="@mipmap/ic_launcher"
25-->src\main\AndroidManifest.xml:14:9-43
26        android:label="@string/app_name"
26-->src\main\AndroidManifest.xml:15:9-41
27        android:roundIcon="@mipmap/ic_launcher_round"
27-->src\main\AndroidManifest.xml:16:9-54
28        android:supportsRtl="true"
28-->src\main\AndroidManifest.xml:17:9-35
29        android:testOnly="true"
30        android:theme="@style/Theme.LightSensor_test" >
30-->src\main\AndroidManifest.xml:18:9-54
31        <activity
31-->src\main\AndroidManifest.xml:19:9-28:20
32            android:name="com.example.lightsensor_test.MainActivity"
32-->src\main\AndroidManifest.xml:20:13-41
33            android:exported="true"
33-->src\main\AndroidManifest.xml:21:13-36
34            android:screenOrientation="portrait" > <!-- 참고한 곳이 여기에 오리엔테이션 추가했음.. -->
34-->src\main\AndroidManifest.xml:22:13-49
35            <intent-filter>
35-->src\main\AndroidManifest.xml:23:13-27:29
36                <action android:name="android.intent.action.MAIN" />
36-->src\main\AndroidManifest.xml:24:17-69
36-->src\main\AndroidManifest.xml:24:25-66
37
38                <category android:name="android.intent.category.LAUNCHER" />
38-->src\main\AndroidManifest.xml:26:17-77
38-->src\main\AndroidManifest.xml:26:27-74
39            </intent-filter>
40        </activity>
41    </application>
42
43</manifest>